(---------------------------------------------------------------------)
(                                                                     )
(    ARTWORK LOG                                                      )
(                                                                     )
(    Drawing          : B07_1020.brd                                  )
(    Software Version : 17.2S073                                      )
(    Date/Time        : Mon Oct 23 15:25:08 2023                      )
(                                                                     )
(---------------------------------------------------------------------)


 ---- Photoplot outline rectangle not found; using drawing extents.



Results from parameter file ...
    DEVICE-TYPE           GERBER_RS274X
    OUTPUT-UNITS          MM
    FILM-SIZE             2400000 1600000
    FORMAT                2.5
    ABORT-ON-ERROR        NO
    SCALE                 1
    SUPPRESS-LEAD-ZEROES  YES
    SUPPRESS-TRAIL-ZEROES NO
    SUPPRESS-EQUAL        YES
    UNDEF-APT-CONT        NO



================================================================
     PROCESSING FILM < TOP >
     TO FILE < D:/ORCAD/B07_1020/allegro/TOP.art > ...
================================================================

  FILM PARAMETERS :
  ---------------------------------------------------------
  Undefined line width                0.2000
  Mirror code                         NONE
  Rotate angle                        NONE
  Offset x:                           0.0000
  Offset y:                           0.0000
  Plot negative                       NO
  Suppress unconnected internal pads  NO
  Draw holes only                     NO



  APERTURES USED:
  ---------------------------------------------------------
  TYPE       SIZE/NAME                   ROT   MIRROR MODE 
  ---------------------------------------------------------
  CIRCLE     0.20000                                  DARK 
  CIRCLE     0.50000                                  DARK 
  CIRCLE     1.00000                                  DARK 
  CIRCLE     1.39700                                  DARK 
  CIRCLE     1.52400                                  DARK 
  CIRCLE     1.65100                                  DARK 
  CIRCLE     1.90500                                  DARK 
  SQUARE     1.39700                     0.000 NO     DARK 
  SQUARE     1.52400                     0.000 NO     DARK 
  SQUARE     1.90500                     0.000 NO     DARK 

     TOP created.


================================================================
     PROCESSING FILM < BOTTOM >
     TO FILE < D:/ORCAD/B07_1020/allegro/BOTTOM.art > ...
================================================================

  FILM PARAMETERS :
  ---------------------------------------------------------
  Undefined line width                0.2000
  Mirror code                         NONE
  Rotate angle                        NONE
  Offset x:                           0.0000
  Offset y:                           0.0000
  Plot negative                       NO
  Suppress unconnected internal pads  NO
  Draw holes only                     NO



  APERTURES USED:
  ---------------------------------------------------------
  TYPE       SIZE/NAME                   ROT   MIRROR MODE 
  ---------------------------------------------------------
  CIRCLE     0.20000                                  DARK 
  CIRCLE     0.50000                                  DARK 
  CIRCLE     1.00000                                  DARK 
  CIRCLE     1.39700                                  DARK 
  CIRCLE     1.52400                                  DARK 
  CIRCLE     1.65100                                  DARK 
  CIRCLE     1.90500                                  DARK 
  SQUARE     1.39700                     0.000 NO     DARK 
  SQUARE     1.52400                     0.000 NO     DARK 
  SQUARE     1.90500                     0.000 NO     DARK 

     BOTTOM created.


================================================================
     PROCESSING FILM < SoderMask_TOP >
     TO FILE < D:/ORCAD/B07_1020/allegro/SoderMask_TOP.art > ...
================================================================

  FILM PARAMETERS :
  ---------------------------------------------------------
  Undefined line width                0.2000
  Mirror code                         NONE
  Rotate angle                        NONE
  Offset x:                           0.0000
  Offset y:                           0.0000
  Plot negative                       NO
  Suppress unconnected internal pads  NO
  Draw holes only                     NO



  APERTURES USED:
  ---------------------------------------------------------
  TYPE       SIZE/NAME                   ROT   MIRROR MODE 
  ---------------------------------------------------------
  CIRCLE     0.20000                                  DARK 
  CIRCLE     1.39700                                  DARK 
  CIRCLE     1.90500                                  DARK 
  CIRCLE     2.03200                                  DARK 
  SQUARE     1.39700                     0.000 NO     DARK 
  SQUARE     1.90500                     0.000 NO     DARK 

     SoderMask_TOP created.


================================================================
     PROCESSING FILM < Silkscreen_TOP >
     TO FILE < D:/ORCAD/B07_1020/allegro/Silkscreen_TOP.art > ...
================================================================

  FILM PARAMETERS :
  ---------------------------------------------------------
  Undefined line width                0.2000
  Mirror code                         NONE
  Rotate angle                        NONE
  Offset x:                           0.0000
  Offset y:                           0.0000
  Plot negative                       NO
  Suppress unconnected internal pads  NO
  Draw holes only                     NO

    WARNING: text composed 0 width line found at (3.8100 15.8750)
           ... using undefined line width of 0.2000

    WARNING: text having Multiple 0 width lines; all will be treated the same as the first.
           ... using undefined line width of 0.2000

    WARNING: 0 width line found at (12.7000 37.0840)
           ... using undefined line width of 0.2000

    WARNING: Multiple 0 width lines; all will be treated the same as the first.
           ... using undefined line width of 0.2000



  APERTURES USED:
  ---------------------------------------------------------
  TYPE       SIZE/NAME                   ROT   MIRROR MODE 
  ---------------------------------------------------------
  CIRCLE     0.20000                                  DARK 
  CIRCLE     0.20320                                  DARK 

     Silkscreen_TOP created with warnings


================================================================
     PROCESSING FILM < Drill_DRAW >
     TO FILE < D:/ORCAD/B07_1020/allegro/Drill_DRAW.art > ...
================================================================

  FILM PARAMETERS :
  ---------------------------------------------------------
  Undefined line width                0.2000
  Mirror code                         NONE
  Rotate angle                        NONE
  Offset x:                           0.0000
  Offset y:                           0.0000
  Plot negative                       NO
  Suppress unconnected internal pads  NO
  Draw holes only                     NO



  APERTURES USED:
  ---------------------------------------------------------
  TYPE       SIZE/NAME                   ROT   MIRROR MODE 
  ---------------------------------------------------------
  CIRCLE     0.20000                                  DARK 

     Drill_DRAW created.


------------------------------------------------------
 SUMMARY:
        TOP created.
        BOTTOM created.
        SoderMask_TOP created.
        Silkscreen_TOP created with warnings
        Drill_DRAW created.

 ARTWORK had warnings
