(---------------------------------------------------------------------)
(                                                                     )
(    Allegro Netrev Import Logic                                      )
(                                                                     )
(    Drawing          : MOD10_COUNTER.brd                             )
(    Software Version : 17.2S073                                      )
(    Date/Time        : Tue Nov 29 17:05:14 2022                      )
(                                                                     )
(---------------------------------------------------------------------)


------ Directives ------------

Ripup etch:                  No
Ripup delete first segment:  No
Ripup retain bondwire:       No
Ripup symbols:               Always
Missing symbol has error:    No
DRC update:                  Yes
Schematic directory:         'C:\10609_LSH\allegro'
Design Directory:            'C:/10609_LSH/allegro'
Old design name:             'C:/10609_LSH/allegro/MOD10_COUNTER.brd'
New design name:             'C:/10609_LSH/allegro/MOD10_COUNTER.brd'

CmdLine: netrev.exe -y 1 -n -i C:\10609_LSH\allegro C:\10609_LSH\allegro\MOD10_COUNTER.brd C:\10609_LSH\allegro\MOD10_COUNTER.brd

------ Preparing to read pst files ------

Starting to read C:/10609_LSH/allegro/pstchip.dat 
   Finished reading C:/10609_LSH/allegro/pstchip.dat (00:00:00.04)
Starting to read C:/10609_LSH/allegro/pstxprt.dat 
   Finished reading C:/10609_LSH/allegro/pstxprt.dat (00:00:00.00)
Starting to read C:/10609_LSH/allegro/pstxnet.dat 
   Finished reading C:/10609_LSH/allegro/pstxnet.dat (00:00:00.00)

------ Oversights/Warnings/Errors ------


------ Library Paths ------
MODULEPATH =  . 
           C:/Cadence/SPB_17.2/share/local/pcb/modules 

PSMPATH =  . 
           symbols 
           .. 
           ../symbols 
           C:/Cadence/SPB_17.2/share/local/pcb/symbols 
           C:/Cadence/SPB_17.2/share/pcb/pcb_lib/symbols 
           C:/Cadence/SPB_17.2/share/pcb/allegrolib/symbols 

PADPATH =  . 
           symbols 
           .. 
           ../symbols 
           C:/Cadence/SPB_17.2/share/local/pcb/padstacks 
           C:/Cadence/SPB_17.2/share/pcb/pcb_lib/symbols 
           C:/Cadence/SPB_17.2/share/pcb/allegrolib/symbols 


------ Summary Statistics ------


netrev run on Nov 29 17:05:14 2022
   DESIGN NAME : 'MOD10_COUNTER'
   PACKAGING ON Dec 21 2020 02:31:59

   COMPILE 'logic'
   CHECK_PIN_NAMES OFF
   CROSS_REFERENCE OFF
   FEEDBACK OFF
   INCREMENTAL OFF
   INTERFACE_TYPE PHYSICAL
   MAX_ERRORS 500
   MERGE_MINIMUM 5
   NET_NAME_CHARS '#%&()*+-./:=>?@[]^_`|'
   NET_NAME_LENGTH 24
   OVERSIGHTS ON
   REPLACE_CHECK OFF
   SINGLE_NODE_NETS ON
   SPLIT_MINIMUM 0
   SUPPRESS   20
   WARNINGS ON

 No error detected
 No oversight detected
 No warning detected

cpu time      0:00:53
elapsed time  0:00:00

