(---------------------------------------------------------------------)
(                                                                     )
(    Allegro Netrev Import Logic                                      )
(                                                                     )
(    Drawing          : MV3.brd                                       )
(    Software Version : 17.2S073                                      )
(    Date/Time        : Fri Mar 10 08:57:46 2023                      )
(                                                                     )
(---------------------------------------------------------------------)


------ Directives ------------

Ripup etch:                  No
Ripup delete first segment:  No
Ripup retain bondwire:       No
Ripup symbols:               Always
Missing symbol has error:    No
DRC update:                  Yes
Schematic directory:         'D:\ORCAD\2023_20607_HW\MV2\allegro'
Design Directory:            'D:/ORCAD/2023_20607_HW/MV2/allegro'
Old design name:             'D:/ORCAD/2023_20607_HW/MV2/allegro/MV3.brd'
New design name:             'D:/ORCAD/2023_20607_HW/MV2/allegro/MV3.brd'

CmdLine: netrev.exe -y 1 -n -i D:\ORCAD\2023_20607_HW\MV2\allegro D:\ORCAD\2023_20607_HW\MV2\allegro\MV3.brd D:\ORCAD\2023_20607_HW\MV2\allegro\MV3.brd

------ Preparing to read pst files ------

Starting to read D:/ORCAD/2023_20607_HW/MV2/allegro/pstchip.dat 
   Finished reading D:/ORCAD/2023_20607_HW/MV2/allegro/pstchip.dat (00:00:00.04)
Starting to read D:/ORCAD/2023_20607_HW/MV2/allegro/pstxprt.dat 
   Finished reading D:/ORCAD/2023_20607_HW/MV2/allegro/pstxprt.dat (00:00:00.00)
Starting to read D:/ORCAD/2023_20607_HW/MV2/allegro/pstxnet.dat 
   Finished reading D:/ORCAD/2023_20607_HW/MV2/allegro/pstxnet.dat (00:00:00.00)

------ Oversights/Warnings/Errors ------


------ Library Paths ------
MODULEPATH =  . 
           C:/Cadence/SPB_17.2/share/local/pcb/modules 

PSMPATH =  . 
           symbols 
           .. 
           ../symbols 
           C:/Cadence/SPB_17.2/share/local/pcb/symbols 
           C:/Cadence/SPB_17.2/share/pcb/pcb_lib/symbols 
           C:/Cadence/SPB_17.2/share/pcb/allegrolib/symbols 

PADPATH =  . 
           symbols 
           .. 
           ../symbols 
           C:/Cadence/SPB_17.2/share/local/pcb/padstacks 
           C:/Cadence/SPB_17.2/share/pcb/pcb_lib/symbols 
           C:/Cadence/SPB_17.2/share/pcb/allegrolib/symbols 


------ Summary Statistics ------


netrev run on Mar 10 8:57:46 2023
   DESIGN NAME : 'MV3'
   PACKAGING ON Dec 21 2020 02:31:59

   COMPILE 'logic'
   CHECK_PIN_NAMES OFF
   CROSS_REFERENCE OFF
   FEEDBACK OFF
   INCREMENTAL OFF
   INTERFACE_TYPE PHYSICAL
   MAX_ERRORS 500
   MERGE_MINIMUM 5
   NET_NAME_CHARS '#%&()*+-./:=>?@[]^_`|'
   NET_NAME_LENGTH 24
   OVERSIGHTS ON
   REPLACE_CHECK OFF
   SINGLE_NODE_NETS ON
   SPLIT_MINIMUM 0
   SUPPRESS   20
   WARNINGS ON

 No error detected
 No oversight detected
 No warning detected

cpu time      0:01:02
elapsed time  0:00:01

