(---------------------------------------------------------------------)
(                                                                     )
(    Allegro Netrev Import Logic                                      )
(                                                                     )
(    Drawing          : B07_1013.brd                                  )
(    Software Version : 17.2S073                                      )
(    Date/Time        : Fri Oct 13 09:40:23 2023                      )
(                                                                     )
(---------------------------------------------------------------------)


------ Directives ------------

Ripup etch:                  No
Ripup delete first segment:  No
Ripup retain bondwire:       No
Ripup symbols:               Always
Missing symbol has error:    No
DRC update:                  Yes
Schematic directory:         'D:\ORCAD\B07_1013\allegro'
Design Directory:            'D:/ORCAD/B07_1013/allegro'
Old design name:             'D:/ORCAD/B07_1013/allegro/B07_1013.brd'
New design name:             'D:/ORCAD/B07_1013/allegro/B07_1013.brd'

CmdLine: netrev.exe -y 1 -n -i D:\ORCAD\B07_1013\allegro D:\ORCAD\B07_1013\allegro\B07_1013.brd D:\ORCAD\B07_1013\allegro\B07_1013.brd

------ Preparing to read pst files ------

Starting to read D:/ORCAD/B07_1013/allegro/pstchip.dat 
   Finished reading D:/ORCAD/B07_1013/allegro/pstchip.dat (00:00:00.08)
Starting to read D:/ORCAD/B07_1013/allegro/pstxprt.dat 
   Finished reading D:/ORCAD/B07_1013/allegro/pstxprt.dat (00:00:00.00)
Starting to read D:/ORCAD/B07_1013/allegro/pstxnet.dat 
   Finished reading D:/ORCAD/B07_1013/allegro/pstxnet.dat (00:00:00.00)

------ Oversights/Warnings/Errors ------


------ Library Paths ------
MODULEPATH =  . 
           C:/Cadence/SPB_17.2/share/local/pcb/modules 

PSMPATH =  . 
           symbols 
           .. 
           ../symbols 
           C:/Cadence/SPB_17.2/share/local/pcb/symbols 
           C:/Cadence/SPB_17.2/share/pcb/pcb_lib/symbols 
           C:/Cadence/SPB_17.2/share/pcb/allegrolib/symbols 
           D:/ORCAD/B07/Symbols/ 

PADPATH =  . 
           symbols 
           .. 
           ../symbols 
           C:/Cadence/SPB_17.2/share/local/pcb/padstacks 
           C:/Cadence/SPB_17.2/share/pcb/pcb_lib/symbols 
           C:/Cadence/SPB_17.2/share/pcb/allegrolib/symbols 
           D:/ORCAD/B07/Symbols/ 


------ Summary Statistics ------


netrev run on Oct 13 9:40:23 2023
   DESIGN NAME : 'B07_1013'
   PACKAGING ON Dec 21 2020 02:31:59

   COMPILE 'logic'
   CHECK_PIN_NAMES OFF
   CROSS_REFERENCE OFF
   FEEDBACK OFF
   INCREMENTAL OFF
   INTERFACE_TYPE PHYSICAL
   MAX_ERRORS 500
   MERGE_MINIMUM 5
   NET_NAME_CHARS '#%&()*+-./:=>?@[]^_`|'
   NET_NAME_LENGTH 24
   OVERSIGHTS ON
   REPLACE_CHECK OFF
   SINGLE_NODE_NETS ON
   SPLIT_MINIMUM 0
   SUPPRESS   20
   WARNINGS ON

 No error detected
 No oversight detected
 No warning detected

cpu time      0:01:16
elapsed time  0:00:01

